

Started GET "/" for 127.0.0.1 at 2015-02-15 21:33:41 +0100

PG::ConnectionBad (fe_sendauth: no password supplied
):
  /home/dubuntu/.bundler/ruby/2.1.0/rails-381f9931ec53/activerecord/lib/active_record/connection_adapters/postgresql_adapter.rb:629:in `initialize'
  /home/dubuntu/.bundler/ruby/2.1.0/rails-381f9931ec53/activerecord/lib/active_record/connection_adapters/postgresql_adapter.rb:629:in `new'
  /home/dubuntu/.bundler/ruby/2.1.0/rails-381f9931ec53/activerecord/lib/active_record/connection_adapters/postgresql_adapter.rb:629:in `connect'
  /home/dubuntu/.bundler/ruby/2.1.0/rails-381f9931ec53/activerecord/lib/active_record/connection_adapters/postgresql_adapter.rb:235:in `initialize'
  /home/dubuntu/.bundler/ruby/2.1.0/rails-381f9931ec53/activerecord/lib/active_record/connection_adapters/postgresql_adapter.rb:44:in `new'
  /home/dubuntu/.bundler/ruby/2.1.0/rails-381f9931ec53/activerecord/lib/active_record/connection_adapters/postgresql_adapter.rb:44:in `postgresql_connection'
  /home/dubuntu/.bundler/ruby/2.1.0/rails-381f9931ec53/activerecord/lib/active_record/connection_adapters/abstract/connection_pool.rb:435:in `new_connection'
  /home/dubuntu/.bundler/ruby/2.1.0/rails-381f9931ec53/activerecord/lib/active_record/connection_adapters/abstract/connection_pool.rb:445:in `checkout_new_connection'
  /home/dubuntu/.bundler/ruby/2.1.0/rails-381f9931ec53/activerecord/lib/active_record/connection_adapters/abstract/connection_pool.rb:421:in `acquire_connection'
  /home/dubuntu/.bundler/ruby/2.1.0/rails-381f9931ec53/activerecord/lib/active_record/connection_adapters/abstract/connection_pool.rb:348:in `block in checkout'
  /usr/lib/ruby/2.1.0/monitor.rb:211:in `mon_synchronize'
  /home/dubuntu/.bundler/ruby/2.1.0/rails-381f9931ec53/activerecord/lib/active_record/connection_adapters/abstract/connection_pool.rb:347:in `checkout'
  /home/dubuntu/.bundler/ruby/2.1.0/rails-381f9931ec53/activerecord/lib/active_record/connection_adapters/abstract/connection_pool.rb:262:in `block in connection'
  /usr/lib/ruby/2.1.0/monitor.rb:211:in `mon_synchronize'
  /home/dubuntu/.bundler/ruby/2.1.0/rails-381f9931ec53/activerecord/lib/active_record/connection_adapters/abstract/connection_pool.rb:261:in `connection'
  /home/dubuntu/.bundler/ruby/2.1.0/rails-381f9931ec53/activerecord/lib/active_record/connection_adapters/abstract/connection_pool.rb:563:in `retrieve_connection'
  /home/dubuntu/.bundler/ruby/2.1.0/rails-381f9931ec53/activerecord/lib/active_record/connection_handling.rb:113:in `retrieve_connection'
  /home/dubuntu/.bundler/ruby/2.1.0/rails-381f9931ec53/activerecord/lib/active_record/connection_handling.rb:87:in `connection'
  /home/dubuntu/.bundler/ruby/2.1.0/rails-381f9931ec53/activerecord/lib/active_record/migration.rb:384:in `connection'
  /home/dubuntu/.bundler/ruby/2.1.0/rails-381f9931ec53/activerecord/lib/active_record/migration.rb:371:in `call'
  newrelic_rpm (3.9.3.241) lib/new_relic/agent/instrumentation/middleware_tracing.rb:57:in `call'
  /home/dubuntu/.bundler/ruby/2.1.0/rails-381f9931ec53/actionpack/lib/action_dispatch/middleware/callbacks.rb:29:in `block in call'
  /home/dubuntu/.bundler/ruby/2.1.0/rails-381f9931ec53/activesupport/lib/active_support/callbacks.rb:83:in `run_callbacks'
  /home/dubuntu/.bundler/ruby/2.1.0/rails-381f9931ec53/actionpack/lib/action_dispatch/middleware/callbacks.rb:27:in `call'
  newrelic_rpm (3.9.3.241) lib/new_relic/agent/instrumentation/middleware_tracing.rb:57:in `call'
  /home/dubuntu/.bundler/ruby/2.1.0/rails-381f9931ec53/actionpack/lib/action_dispatch/middleware/reloader.rb:73:in `call'
  newrelic_rpm (3.9.3.241) lib/new_relic/agent/instrumentation/middleware_tracing.rb:57:in `call'
  /home/dubuntu/.bundler/ruby/2.1.0/rails-381f9931ec53/actionpack/lib/action_dispatch/middleware/remote_ip.rb:78:in `call'
  newrelic_rpm (3.9.3.241) lib/new_relic/agent/instrumentation/middleware_tracing.rb:57:in `call'
  /home/dubuntu/.bundler/ruby/2.1.0/web-console-17e4cf195f74/lib/action_dispatch/debug_exceptions.rb:18:in `middleware_call'
  /home/dubuntu/.bundler/ruby/2.1.0/web-console-17e4cf195f74/lib/action_dispatch/debug_exceptions.rb:13:in `call'
  newrelic_rpm (3.9.3.241) lib/new_relic/agent/instrumentation/middleware_tracing.rb:57:in `call'
  /home/dubuntu/.bundler/ruby/2.1.0/rails-381f9931ec53/actionpack/lib/action_dispatch/middleware/show_exceptions.rb:30:in `call'
  newrelic_rpm (3.9.3.241) lib/new_relic/agent/instrumentation/middleware_tracing.rb:57:in `call'
  /home/dubuntu/.bundler/ruby/2.1.0/rails-381f9931ec53/railties/lib/rails/rack/logger.rb:38:in `call_app'
  /home/dubuntu/.bundler/ruby/2.1.0/rails-381f9931ec53/railties/lib/rails/rack/logger.rb:20:in `block in call'
  /home/dubuntu/.bundler/ruby/2.1.0/rails-381f9931ec53/activesupport/lib/active_support/tagged_logging.rb:68:in `block in tagged'
  /home/dubuntu/.bundler/ruby/2.1.0/rails-381f9931ec53/activesupport/lib/active_support/tagged_logging.rb:26:in `tagged'
  /home/dubuntu/.bundler/ruby/2.1.0/rails-381f9931ec53/activesupport/lib/active_support/tagged_logging.rb:68:in `tagged'
  /home/dubuntu/.bundler/ruby/2.1.0/rails-381f9931ec53/railties/lib/rails/rack/logger.rb:20:in `call'
  newrelic_rpm (3.9.3.241) lib/new_relic/agent/instrumentation/middleware_tracing.rb:57:in `call'
  /home/dubuntu/.bundler/ruby/2.1.0/rails-381f9931ec53/actionpack/lib/action_dispatch/middleware/request_id.rb:21:in `call'
  newrelic_rpm (3.9.3.241) lib/new_relic/agent/instrumentation/middleware_tracing.rb:57:in `call'
  rack (1.6.0.beta) lib/rack/methodoverride.rb:22:in `call'
  newrelic_rpm (3.9.3.241) lib/new_relic/agent/instrumentation/middleware_tracing.rb:57:in `call'
  rack (1.6.0.beta) lib/rack/runtime.rb:17:in `call'
  newrelic_rpm (3.9.3.241) lib/new_relic/agent/instrumentation/middleware_tracing.rb:57:in `call'
  /home/dubuntu/.bundler/ruby/2.1.0/rails-381f9931ec53/activesupport/lib/active_support/cache/strategy/local_cache_middleware.rb:28:in `call'
  newrelic_rpm (3.9.3.241) lib/new_relic/agent/instrumentation/middleware_tracing.rb:57:in `call'
  rack (1.6.0.beta) lib/rack/lock.rb:17:in `call'
  newrelic_rpm (3.9.3.241) lib/new_relic/agent/instrumentation/middleware_tracing.rb:57:in `call'
  /home/dubuntu/.bundler/ruby/2.1.0/rails-381f9931ec53/actionpack/lib/action_dispatch/middleware/static.rb:103:in `call'
  newrelic_rpm (3.9.3.241) lib/new_relic/agent/instrumentation/middleware_tracing.rb:57:in `call'
  rack (1.6.0.beta) lib/rack/sendfile.rb:113:in `call'
  newrelic_rpm (3.9.3.241) lib/new_relic/agent/instrumentation/middleware_tracing.rb:57:in `call'
  /home/dubuntu/.bundler/ruby/2.1.0/rails-381f9931ec53/railties/lib/rails/engine.rb:514:in `call'
  /home/dubuntu/.bundler/ruby/2.1.0/rails-381f9931ec53/railties/lib/rails/application.rb:161:in `call'
  newrelic_rpm (3.9.3.241) lib/new_relic/agent/instrumentation/middleware_tracing.rb:57:in `call'
  rack (1.6.0.beta) lib/rack/tempfile_reaper.rb:15:in `call'
  rack (1.6.0.beta) lib/rack/lint.rb:49:in `_call'
  rack (1.6.0.beta) lib/rack/lint.rb:37:in `call'
  rack (1.6.0.beta) lib/rack/showexceptions.rb:24:in `call'
  rack (1.6.0.beta) lib/rack/commonlogger.rb:33:in `call'
  rack (1.6.0.beta) lib/rack/chunked.rb:54:in `call'
  rack (1.6.0.beta) lib/rack/content_length.rb:15:in `call'
  thin (1.6.2) lib/thin/connection.rb:86:in `block in pre_process'
  thin (1.6.2) lib/thin/connection.rb:84:in `catch'
  thin (1.6.2) lib/thin/connection.rb:84:in `pre_process'
  thin (1.6.2) lib/thin/connection.rb:53:in `process'
  thin (1.6.2) lib/thin/connection.rb:39:in `receive_data'
  eventmachine (1.0.3) lib/eventmachine.rb:187:in `run_machine'
  eventmachine (1.0.3) lib/eventmachine.rb:187:in `run'
  thin (1.6.2) lib/thin/backends/base.rb:73:in `start'
  thin (1.6.2) lib/thin/server.rb:162:in `start'
  rack (1.6.0.beta) lib/rack/handler/thin.rb:19:in `run'
  rack (1.6.0.beta) lib/rack/server.rb:288:in `start'
  /home/dubuntu/.bundler/ruby/2.1.0/rails-381f9931ec53/railties/lib/rails/commands/server.rb:80:in `start'
  /home/dubuntu/.bundler/ruby/2.1.0/rails-381f9931ec53/railties/lib/rails/commands/commands_tasks.rb:80:in `block in server'
  /home/dubuntu/.bundler/ruby/2.1.0/rails-381f9931ec53/railties/lib/rails/commands/commands_tasks.rb:75:in `tap'
  /home/dubuntu/.bundler/ruby/2.1.0/rails-381f9931ec53/railties/lib/rails/commands/commands_tasks.rb:75:in `server'
  /home/dubuntu/.bundler/ruby/2.1.0/rails-381f9931ec53/railties/lib/rails/commands/commands_tasks.rb:39:in `run_command!'
  /home/dubuntu/.bundler/ruby/2.1.0/rails-381f9931ec53/railties/lib/rails/commands.rb:17:in `<top (required)>'
  bin/rails:8:in `require'
  bin/rails:8:in `<top (required)>'
  spring (1.1.3) lib/spring/client/rails.rb:27:in `load'
  spring (1.1.3) lib/spring/client/rails.rb:27:in `call'
  spring (1.1.3) lib/spring/client/command.rb:7:in `call'
  spring (1.1.3) lib/spring/client.rb:26:in `run'
  spring (1.1.3) bin/spring:48:in `<top (required)>'
  spring (1.1.3) lib/spring/binstub.rb:11:in `load'
  spring (1.1.3) lib/spring/binstub.rb:11:in `<top (required)>'
  /usr/lib/ruby/2.1.0/rubygems/core_ext/kernel_require.rb:55:in `require'
  /usr/lib/ruby/2.1.0/rubygems/core_ext/kernel_require.rb:55:in `require'
  bin/spring:16:in `<top (required)>'
  bin/rails:3:in `load'
  bin/rails:3:in `<main>'


  Rendered /home/dubuntu/.bundler/ruby/2.1.0/web-console-17e4cf195f74/lib/action_dispatch/templates/rescues/_source.erb (73.1ms)
  Rendered /home/dubuntu/.bundler/ruby/2.1.0/web-console-17e4cf195f74/lib/action_dispatch/templates/rescues/_trace.html.erb (6.4ms)
  Rendered /home/dubuntu/.bundler/ruby/2.1.0/web-console-17e4cf195f74/lib/action_dispatch/templates/rescues/_request_and_response.html.erb (2.3ms)
  Rendered /home/dubuntu/.bundler/ruby/2.1.0/web-console-17e4cf195f74/lib/action_dispatch/templates/rescues/_web_console.html.erb (3.0ms)
  Rendered /home/dubuntu/.bundler/ruby/2.1.0/web-console-17e4cf195f74/lib/action_dispatch/templates/rescues/diagnostics.html.erb within rescues/layout (118.7ms)


Started GET "/" for 127.0.0.1 at 2015-02-16 19:07:58 +0100

PG::ConnectionBad (fe_sendauth: no password supplied
):
  /home/dubuntu/.bundler/ruby/2.1.0/rails-381f9931ec53/activerecord/lib/active_record/connection_adapters/postgresql_adapter.rb:629:in `initialize'
  /home/dubuntu/.bundler/ruby/2.1.0/rails-381f9931ec53/activerecord/lib/active_record/connection_adapters/postgresql_adapter.rb:629:in `new'
  /home/dubuntu/.bundler/ruby/2.1.0/rails-381f9931ec53/activerecord/lib/active_record/connection_adapters/postgresql_adapter.rb:629:in `connect'
  /home/dubuntu/.bundler/ruby/2.1.0/rails-381f9931ec53/activerecord/lib/active_record/connection_adapters/postgresql_adapter.rb:235:in `initialize'
  /home/dubuntu/.bundler/ruby/2.1.0/rails-381f9931ec53/activerecord/lib/active_record/connection_adapters/postgresql_adapter.rb:44:in `new'
  /home/dubuntu/.bundler/ruby/2.1.0/rails-381f9931ec53/activerecord/lib/active_record/connection_adapters/postgresql_adapter.rb:44:in `postgresql_connection'
  /home/dubuntu/.bundler/ruby/2.1.0/rails-381f9931ec53/activerecord/lib/active_record/connection_adapters/abstract/connection_pool.rb:435:in `new_connection'
  /home/dubuntu/.bundler/ruby/2.1.0/rails-381f9931ec53/activerecord/lib/active_record/connection_adapters/abstract/connection_pool.rb:445:in `checkout_new_connection'
  /home/dubuntu/.bundler/ruby/2.1.0/rails-381f9931ec53/activerecord/lib/active_record/connection_adapters/abstract/connection_pool.rb:421:in `acquire_connection'
  /home/dubuntu/.bundler/ruby/2.1.0/rails-381f9931ec53/activerecord/lib/active_record/connection_adapters/abstract/connection_pool.rb:348:in `block in checkout'
  /usr/lib/ruby/2.1.0/monitor.rb:211:in `mon_synchronize'
  /home/dubuntu/.bundler/ruby/2.1.0/rails-381f9931ec53/activerecord/lib/active_record/connection_adapters/abstract/connection_pool.rb:347:in `checkout'
  /home/dubuntu/.bundler/ruby/2.1.0/rails-381f9931ec53/activerecord/lib/active_record/connection_adapters/abstract/connection_pool.rb:262:in `block in connection'
  /usr/lib/ruby/2.1.0/monitor.rb:211:in `mon_synchronize'
  /home/dubuntu/.bundler/ruby/2.1.0/rails-381f9931ec53/activerecord/lib/active_record/connection_adapters/abstract/connection_pool.rb:261:in `connection'
  /home/dubuntu/.bundler/ruby/2.1.0/rails-381f9931ec53/activerecord/lib/active_record/connection_adapters/abstract/connection_pool.rb:563:in `retrieve_connection'
  /home/dubuntu/.bundler/ruby/2.1.0/rails-381f9931ec53/activerecord/lib/active_record/connection_handling.rb:113:in `retrieve_connection'
  /home/dubuntu/.bundler/ruby/2.1.0/rails-381f9931ec53/activerecord/lib/active_record/connection_handling.rb:87:in `connection'
  /home/dubuntu/.bundler/ruby/2.1.0/rails-381f9931ec53/activerecord/lib/active_record/migration.rb:384:in `connection'
  /home/dubuntu/.bundler/ruby/2.1.0/rails-381f9931ec53/activerecord/lib/active_record/migration.rb:371:in `call'
  newrelic_rpm (3.9.3.241) lib/new_relic/agent/instrumentation/middleware_tracing.rb:57:in `call'
  /home/dubuntu/.bundler/ruby/2.1.0/rails-381f9931ec53/actionpack/lib/action_dispatch/middleware/callbacks.rb:29:in `block in call'
  /home/dubuntu/.bundler/ruby/2.1.0/rails-381f9931ec53/activesupport/lib/active_support/callbacks.rb:83:in `run_callbacks'
  /home/dubuntu/.bundler/ruby/2.1.0/rails-381f9931ec53/actionpack/lib/action_dispatch/middleware/callbacks.rb:27:in `call'
  newrelic_rpm (3.9.3.241) lib/new_relic/agent/instrumentation/middleware_tracing.rb:57:in `call'
  /home/dubuntu/.bundler/ruby/2.1.0/rails-381f9931ec53/actionpack/lib/action_dispatch/middleware/reloader.rb:73:in `call'
  newrelic_rpm (3.9.3.241) lib/new_relic/agent/instrumentation/middleware_tracing.rb:57:in `call'
  /home/dubuntu/.bundler/ruby/2.1.0/rails-381f9931ec53/actionpack/lib/action_dispatch/middleware/remote_ip.rb:78:in `call'
  newrelic_rpm (3.9.3.241) lib/new_relic/agent/instrumentation/middleware_tracing.rb:57:in `call'
  /home/dubuntu/.bundler/ruby/2.1.0/web-console-17e4cf195f74/lib/action_dispatch/debug_exceptions.rb:18:in `middleware_call'
  /home/dubuntu/.bundler/ruby/2.1.0/web-console-17e4cf195f74/lib/action_dispatch/debug_exceptions.rb:13:in `call'
  newrelic_rpm (3.9.3.241) lib/new_relic/agent/instrumentation/middleware_tracing.rb:57:in `call'
  /home/dubuntu/.bundler/ruby/2.1.0/rails-381f9931ec53/actionpack/lib/action_dispatch/middleware/show_exceptions.rb:30:in `call'
  newrelic_rpm (3.9.3.241) lib/new_relic/agent/instrumentation/middleware_tracing.rb:57:in `call'
  /home/dubuntu/.bundler/ruby/2.1.0/rails-381f9931ec53/railties/lib/rails/rack/logger.rb:38:in `call_app'
  /home/dubuntu/.bundler/ruby/2.1.0/rails-381f9931ec53/railties/lib/rails/rack/logger.rb:20:in `block in call'
  /home/dubuntu/.bundler/ruby/2.1.0/rails-381f9931ec53/activesupport/lib/active_support/tagged_logging.rb:68:in `block in tagged'
  /home/dubuntu/.bundler/ruby/2.1.0/rails-381f9931ec53/activesupport/lib/active_support/tagged_logging.rb:26:in `tagged'
  /home/dubuntu/.bundler/ruby/2.1.0/rails-381f9931ec53/activesupport/lib/active_support/tagged_logging.rb:68:in `tagged'
  /home/dubuntu/.bundler/ruby/2.1.0/rails-381f9931ec53/railties/lib/rails/rack/logger.rb:20:in `call'
  newrelic_rpm (3.9.3.241) lib/new_relic/agent/instrumentation/middleware_tracing.rb:57:in `call'
  /home/dubuntu/.bundler/ruby/2.1.0/rails-381f9931ec53/actionpack/lib/action_dispatch/middleware/request_id.rb:21:in `call'
  newrelic_rpm (3.9.3.241) lib/new_relic/agent/instrumentation/middleware_tracing.rb:57:in `call'
  rack (1.6.0.beta) lib/rack/methodoverride.rb:22:in `call'
  newrelic_rpm (3.9.3.241) lib/new_relic/agent/instrumentation/middleware_tracing.rb:57:in `call'
  rack (1.6.0.beta) lib/rack/runtime.rb:17:in `call'
  newrelic_rpm (3.9.3.241) lib/new_relic/agent/instrumentation/middleware_tracing.rb:57:in `call'
  /home/dubuntu/.bundler/ruby/2.1.0/rails-381f9931ec53/activesupport/lib/active_support/cache/strategy/local_cache_middleware.rb:28:in `call'
  newrelic_rpm (3.9.3.241) lib/new_relic/agent/instrumentation/middleware_tracing.rb:57:in `call'
  rack (1.6.0.beta) lib/rack/lock.rb:17:in `call'
  newrelic_rpm (3.9.3.241) lib/new_relic/agent/instrumentation/middleware_tracing.rb:57:in `call'
  /home/dubuntu/.bundler/ruby/2.1.0/rails-381f9931ec53/actionpack/lib/action_dispatch/middleware/static.rb:103:in `call'
  newrelic_rpm (3.9.3.241) lib/new_relic/agent/instrumentation/middleware_tracing.rb:57:in `call'
  rack (1.6.0.beta) lib/rack/sendfile.rb:113:in `call'
  newrelic_rpm (3.9.3.241) lib/new_relic/agent/instrumentation/middleware_tracing.rb:57:in `call'
  /home/dubuntu/.bundler/ruby/2.1.0/rails-381f9931ec53/railties/lib/rails/engine.rb:514:in `call'
  /home/dubuntu/.bundler/ruby/2.1.0/rails-381f9931ec53/railties/lib/rails/application.rb:161:in `call'
  newrelic_rpm (3.9.3.241) lib/new_relic/agent/instrumentation/middleware_tracing.rb:57:in `call'
  rack (1.6.0.beta) lib/rack/tempfile_reaper.rb:15:in `call'
  rack (1.6.0.beta) lib/rack/lint.rb:49:in `_call'
  rack (1.6.0.beta) lib/rack/lint.rb:37:in `call'
  rack (1.6.0.beta) lib/rack/showexceptions.rb:24:in `call'
  rack (1.6.0.beta) lib/rack/commonlogger.rb:33:in `call'
  rack (1.6.0.beta) lib/rack/chunked.rb:54:in `call'
  rack (1.6.0.beta) lib/rack/content_length.rb:15:in `call'
  thin (1.6.2) lib/thin/connection.rb:86:in `block in pre_process'
  thin (1.6.2) lib/thin/connection.rb:84:in `catch'
  thin (1.6.2) lib/thin/connection.rb:84:in `pre_process'
  thin (1.6.2) lib/thin/connection.rb:53:in `process'
  thin (1.6.2) lib/thin/connection.rb:39:in `receive_data'
  eventmachine (1.0.3) lib/eventmachine.rb:187:in `run_machine'
  eventmachine (1.0.3) lib/eventmachine.rb:187:in `run'
  thin (1.6.2) lib/thin/backends/base.rb:73:in `start'
  thin (1.6.2) lib/thin/server.rb:162:in `start'
  rack (1.6.0.beta) lib/rack/handler/thin.rb:19:in `run'
  rack (1.6.0.beta) lib/rack/server.rb:288:in `start'
  /home/dubuntu/.bundler/ruby/2.1.0/rails-381f9931ec53/railties/lib/rails/commands/server.rb:80:in `start'
  /home/dubuntu/.bundler/ruby/2.1.0/rails-381f9931ec53/railties/lib/rails/commands/commands_tasks.rb:80:in `block in server'
  /home/dubuntu/.bundler/ruby/2.1.0/rails-381f9931ec53/railties/lib/rails/commands/commands_tasks.rb:75:in `tap'
  /home/dubuntu/.bundler/ruby/2.1.0/rails-381f9931ec53/railties/lib/rails/commands/commands_tasks.rb:75:in `server'
  /home/dubuntu/.bundler/ruby/2.1.0/rails-381f9931ec53/railties/lib/rails/commands/commands_tasks.rb:39:in `run_command!'
  /home/dubuntu/.bundler/ruby/2.1.0/rails-381f9931ec53/railties/lib/rails/commands.rb:17:in `<top (required)>'
  bin/rails:8:in `require'
  bin/rails:8:in `<top (required)>'
  spring (1.1.3) lib/spring/client/rails.rb:27:in `load'
  spring (1.1.3) lib/spring/client/rails.rb:27:in `call'
  spring (1.1.3) lib/spring/client/command.rb:7:in `call'
  spring (1.1.3) lib/spring/client.rb:26:in `run'
  spring (1.1.3) bin/spring:48:in `<top (required)>'
  spring (1.1.3) lib/spring/binstub.rb:11:in `load'
  spring (1.1.3) lib/spring/binstub.rb:11:in `<top (required)>'
  /usr/lib/ruby/2.1.0/rubygems/core_ext/kernel_require.rb:55:in `require'
  /usr/lib/ruby/2.1.0/rubygems/core_ext/kernel_require.rb:55:in `require'
  bin/spring:16:in `<top (required)>'
  bin/rails:3:in `load'
  bin/rails:3:in `<main>'


  Rendered /home/dubuntu/.bundler/ruby/2.1.0/web-console-17e4cf195f74/lib/action_dispatch/templates/rescues/_source.erb (67.7ms)
  Rendered /home/dubuntu/.bundler/ruby/2.1.0/web-console-17e4cf195f74/lib/action_dispatch/templates/rescues/_trace.html.erb (5.7ms)
  Rendered /home/dubuntu/.bundler/ruby/2.1.0/web-console-17e4cf195f74/lib/action_dispatch/templates/rescues/_request_and_response.html.erb (2.4ms)
  Rendered /home/dubuntu/.bundler/ruby/2.1.0/web-console-17e4cf195f74/lib/action_dispatch/templates/rescues/_web_console.html.erb (2.3ms)
  Rendered /home/dubuntu/.bundler/ruby/2.1.0/web-console-17e4cf195f74/lib/action_dispatch/templates/rescues/diagnostics.html.erb within rescues/layout (111.2ms)
